#
# There is insufficient memory for the Java Runtime Environment to continue.
# Native memory allocation (malloc) failed to allocate 32744 bytes for ChunkPool::allocate
# Possible reasons:
#   The system is out of physical RAM or swap space
#   The process is running with CompressedOops enabled, and the Java Heap may be blocking the growth of the native heap
# Possible solutions:
#   Reduce memory load on the system
#   Increase physical memory or swap space
#   Check if swap backing store is full
#   Decrease Java heap size (-Xmx/-Xms)
#   Decrease number of Java threads
#   Decrease Java thread stack sizes (-Xss)
#   Set larger code cache with -XX:ReservedCodeCacheSize=
#   JVM is running with Zero Based Compressed Oops mode in which the Java heap is
#     placed in the first 32GB address space. The Java Heap base address is the
#     maximum limit for the native heap growth. Please use -XX:HeapBaseMinAddress
#     to set the Java Heap base and to place the Java Heap above 32GB virtual address.
# This output file may be truncated or incomplete.
#
#  Out of Memory Error (./src/hotspot/share/memory/arena.cpp:81), pid=17604, tid=34684
#
# JRE version: OpenJDK Runtime Environment AdoptOpenJDK-11.0.11+9 (11.0.11+9) (build 11.0.11+9)
# Java VM: OpenJDK 64-Bit Server VM AdoptOpenJDK-11.0.11+9 (11.0.11+9, mixed mode, tiered, compressed oops, g1 gc, windows-amd64)
# No core dump will be written. Minidumps are not enabled by default on client versions of Windows
#

---------------  S U M M A R Y ------------

Command Line: -agentlib:jdwp=transport=dt_socket,server=n,suspend=y,address=127.0.0.1:65019 -Dfile.encoding=UTF-8 -Duser.country=CN -Duser.language=zh -Duser.variant io.graphoenix.showcase.user.UserApplication

Host: AMD Ryzen 7 1800X Eight-Core Processor         , 16 cores, 15G,  Windows 10 , 64 bit Build 19041 (10.0.19041.3636)
Time: Thu Feb 29 00:21:15 2024 中国标准时间 elapsed time: 4.153879 seconds (0d 0h 0m 4s)

---------------  T H R E A D  ---------------

Current thread (0x000001bd3023a000):  JavaThread "C2 CompilerThread3" daemon [_thread_in_native, id=34684, stack(0x000000125bd00000,0x000000125be00000)]


Current CompileTask:
C2:   4153 3032       4       java.util.regex.Pattern$GroupTail::match (111 bytes)

Stack: [0x000000125bd00000,0x000000125be00000]
Native frames: (J=compiled Java code, j=interpreted, Vv=VM code, C=native code)
V  [jvm.dll+0x5f7e5a]
V  [jvm.dll+0x77ff2e]
V  [jvm.dll+0x7815ff]
V  [jvm.dll+0x781cc3]
V  [jvm.dll+0x247408]
V  [jvm.dll+0xbea3b]
V  [jvm.dll+0xbed9c]
V  [jvm.dll+0x3518ed]
V  [jvm.dll+0x34cb7f]
V  [jvm.dll+0x1992e1]
V  [jvm.dll+0x200e92]
V  [jvm.dll+0x1fff6f]
V  [jvm.dll+0x184f1c]
V  [jvm.dll+0x20f3e7]
V  [jvm.dll+0x20d5cb]
V  [jvm.dll+0x7442f9]
V  [jvm.dll+0x73d364]
V  [jvm.dll+0x5f6cd6]
C  [ucrtbase.dll+0x21bb2]
C  [KERNEL32.DLL+0x17344]
C  [ntdll.dll+0x526b1]


---------------  P R O C E S S  ---------------

Threads class SMR info:
_java_thread_list=0x000001bd339b5940, length=41, elements={
0x000001bd2dc86000, 0x000001bd2dc8f000, 0x000001bd2dcf8800, 0x000001bd2dcf9800,
0x000001bd2dcfc000, 0x000001bd2dd01000, 0x000001bd2dd0e000, 0x000001bd2dd1b000,
0x000001bd2dea1000, 0x000001bd2df01000, 0x000001bd2df04000, 0x000001bd2df0a800,
0x000001bd2df29000, 0x000001bd2dea0000, 0x000001bd2dea2000, 0x000001bd2edfc800,
0x000001bd2f400000, 0x000001bd2fd15800, 0x000001bd2fed8800, 0x000001bd2f18e800,
0x000001bd2fe6c000, 0x000001bd2fc98800, 0x000001bd2fcd0800, 0x000001bd2fd55000,
0x000001bd2dea2800, 0x000001bd2dea3800, 0x000001bd2de9d800, 0x000001bd2dea4000,
0x000001bd2de9e800, 0x000001bd2de9f800, 0x000001bd30237800, 0x000001bd30237000,
0x000001bd30238800, 0x000001bd30239800, 0x000001bd30236000, 0x000001bd3023a000,
0x000001bd3023b000, 0x000001bd30235000, 0x000001bd3023b800, 0x000001bd30240000,
0x000001bd3023e000
}

Java Threads: ( => current thread )
  0x000001bd2dc86000 JavaThread "Reference Handler" daemon [_thread_blocked, id=31316, stack(0x0000001259200000,0x0000001259300000)]
  0x000001bd2dc8f000 JavaThread "Finalizer" daemon [_thread_blocked, id=7996, stack(0x0000001259300000,0x0000001259400000)]
  0x000001bd2dcf8800 JavaThread "Signal Dispatcher" daemon [_thread_blocked, id=26428, stack(0x0000001259400000,0x0000001259500000)]
  0x000001bd2dcf9800 JavaThread "Attach Listener" daemon [_thread_blocked, id=27956, stack(0x0000001259500000,0x0000001259600000)]
  0x000001bd2dcfc000 JavaThread "Service Thread" daemon [_thread_blocked, id=25432, stack(0x0000001259600000,0x0000001259700000)]
  0x000001bd2dd01000 JavaThread "C2 CompilerThread0" daemon [_thread_blocked, id=27032, stack(0x0000001259700000,0x0000001259800000)]
  0x000001bd2dd0e000 JavaThread "C1 CompilerThread0" daemon [_thread_blocked, id=30788, stack(0x0000001259800000,0x0000001259900000)]
  0x000001bd2dd1b000 JavaThread "Sweeper thread" daemon [_thread_blocked, id=9096, stack(0x0000001259900000,0x0000001259a00000)]
  0x000001bd2dea1000 JavaThread "C1 CompilerThread1" daemon [_thread_blocked, id=13676, stack(0x0000001259a00000,0x0000001259b00000)]
  0x000001bd2df01000 JavaThread "JDWP Transport Listener: dt_socket" daemon [_thread_blocked, id=23200, stack(0x0000001259b00000,0x0000001259c00000)]
  0x000001bd2df04000 JavaThread "JDWP Event Helper Thread" daemon [_thread_blocked, id=22080, stack(0x0000001259c00000,0x0000001259d00000)]
  0x000001bd2df0a800 JavaThread "JDWP Command Reader" daemon [_thread_in_native, id=26168, stack(0x0000001259d00000,0x0000001259e00000)]
  0x000001bd2df29000 JavaThread "Common-Cleaner" daemon [_thread_blocked, id=2564, stack(0x0000001259f00000,0x000000125a000000)]
  0x000001bd2dea0000 JavaThread "C1 CompilerThread2" daemon [_thread_blocked, id=26212, stack(0x000000125a100000,0x000000125a200000)]
  0x000001bd2dea2000 JavaThread "C1 CompilerThread3" daemon [_thread_blocked, id=33840, stack(0x000000125a200000,0x000000125a300000)]
  0x000001bd2edfc800 JavaThread "pool-1-thread-1" [_thread_blocked, id=13640, stack(0x000000125aa00000,0x000000125ab00000)]
  0x000001bd2f400000 JavaThread "reactor-tcp-nio-1" daemon [_thread_in_native, id=9824, stack(0x000000125a000000,0x000000125a100000)]
  0x000001bd2fd15800 JavaThread "reactor-tcp-nio-2" daemon [_thread_in_native, id=11580, stack(0x000000125a300000,0x000000125a400000)]
  0x000001bd2fed8800 JavaThread "reactor-tcp-nio-3" daemon [_thread_in_native, id=7784, stack(0x000000125a400000,0x000000125a500000)]
  0x000001bd2f18e800 JavaThread "reactor-tcp-nio-4" daemon [_thread_in_native, id=32192, stack(0x000000125ab00000,0x000000125ac00000)]
  0x000001bd2fe6c000 JavaThread "reactor-tcp-nio-5" daemon [_thread_in_native, id=32164, stack(0x000000125ac00000,0x000000125ad00000)]
  0x000001bd2fc98800 JavaThread "reactor-tcp-nio-6" daemon [_thread_in_native, id=26200, stack(0x000000125ad00000,0x000000125ae00000)]
  0x000001bd2fcd0800 JavaThread "reactor-tcp-nio-7" daemon [_thread_in_native, id=20524, stack(0x000000125ae00000,0x000000125af00000)]
  0x000001bd2fd55000 JavaThread "reactor-tcp-nio-8" daemon [_thread_in_native, id=10096, stack(0x000000125af00000,0x000000125b000000)]
  0x000001bd2dea2800 JavaThread "reactor-tcp-nio-9" daemon [_thread_in_native, id=2420, stack(0x000000125b000000,0x000000125b100000)]
  0x000001bd2dea3800 JavaThread "reactor-tcp-nio-10" daemon [_thread_in_native, id=31804, stack(0x000000125b100000,0x000000125b200000)]
  0x000001bd2de9d800 JavaThread "reactor-tcp-nio-11" daemon [_thread_in_native, id=14920, stack(0x000000125b200000,0x000000125b300000)]
  0x000001bd2dea4000 JavaThread "reactor-tcp-nio-12" daemon [_thread_in_native, id=21728, stack(0x000000125b300000,0x000000125b400000)]
  0x000001bd2de9e800 JavaThread "reactor-tcp-nio-13" daemon [_thread_in_native, id=28940, stack(0x000000125b400000,0x000000125b500000)]
  0x000001bd2de9f800 JavaThread "reactor-tcp-nio-14" daemon [_thread_in_native, id=8680, stack(0x000000125b500000,0x000000125b600000)]
  0x000001bd30237800 JavaThread "reactor-tcp-nio-15" daemon [_thread_in_native, id=31604, stack(0x000000125b600000,0x000000125b700000)]
  0x000001bd30237000 JavaThread "reactor-tcp-nio-16" daemon [_thread_in_native, id=34648, stack(0x000000125b700000,0x000000125b800000)]
  0x000001bd30238800 JavaThread "Thread-19" daemon [_thread_in_native, id=29508, stack(0x000000125ba00000,0x000000125bb00000)]
  0x000001bd30239800 JavaThread "C2 CompilerThread1" daemon [_thread_blocked, id=4088, stack(0x000000125bb00000,0x000000125bc00000)]
  0x000001bd30236000 JavaThread "C2 CompilerThread2" daemon [_thread_in_native, id=19544, stack(0x000000125bc00000,0x000000125bd00000)]
=>0x000001bd3023a000 JavaThread "C2 CompilerThread3" daemon [_thread_in_native, id=34684, stack(0x000000125bd00000,0x000000125be00000)]
  0x000001bd3023b000 JavaThread "C2 CompilerThread4" daemon [_thread_in_native, id=5412, stack(0x000000125bf00000,0x000000125c000000)]
  0x000001bd30235000 JavaThread "C2 CompilerThread5" daemon [_thread_in_native, id=33600, stack(0x000000125c300000,0x000000125c400000)]
  0x000001bd3023b800 JavaThread "DestroyJavaVM" [_thread_blocked, id=23940, stack(0x0000001258b00000,0x0000001258c00000)]
  0x000001bd30240000 JavaThread "boundedElastic-evictor-1" daemon [_thread_blocked, id=15620, stack(0x000000125c400000,0x000000125c500000)]
  0x000001bd3023e000 JavaThread "reactor-http-nio-1" daemon [_thread_in_native, id=32872, stack(0x000000125c500000,0x000000125c600000)]

Other Threads:
  0x000001bd2dc64000 VMThread "VM Thread" [stack: 0x0000001259100000,0x0000001259200000] [id=24088]
  0x000001bd2df11800 WatcherThread [stack: 0x0000001259e00000,0x0000001259f00000] [id=35628]
  0x000001bd08b2f000 GCTaskThread "GC Thread#0" [stack: 0x0000001258c00000,0x0000001258d00000] [id=33672]
  0x000001bd2f79e800 GCTaskThread "GC Thread#1" [stack: 0x000000125a500000,0x000000125a600000] [id=20996]
  0x000001bd2f006800 GCTaskThread "GC Thread#2" [stack: 0x000000125a600000,0x000000125a700000] [id=29452]
  0x000001bd2f007000 GCTaskThread "GC Thread#3" [stack: 0x000000125a700000,0x000000125a800000] [id=33032]
  0x000001bd2ef31800 GCTaskThread "GC Thread#4" [stack: 0x000000125a800000,0x000000125a900000] [id=31724]
  0x000001bd2ef32800 GCTaskThread "GC Thread#5" [stack: 0x000000125a900000,0x000000125aa00000] [id=23984]
  0x000001bd08b93800 ConcurrentGCThread "G1 Main Marker" [stack: 0x0000001258d00000,0x0000001258e00000] [id=23776]
  0x000001bd08b94800 ConcurrentGCThread "G1 Conc#0" [stack: 0x0000001258e00000,0x0000001258f00000] [id=31296]
  0x000001bd2f567000 ConcurrentGCThread "G1 Conc#1" [stack: 0x000000125b800000,0x000000125b900000] [id=8928]
  0x000001bd2f2f6000 ConcurrentGCThread "G1 Conc#2" [stack: 0x000000125b900000,0x000000125ba00000] [id=4528]
  0x000001bd2d2c5800 ConcurrentGCThread "G1 Refine#0" [stack: 0x0000001258f00000,0x0000001259000000] [id=9992]
  0x000001bd35834800 ConcurrentGCThread "G1 Refine#1" [stack: 0x000000125c000000,0x000000125c100000] [id=9568]
  0x000001bd36fb5800 ConcurrentGCThread "G1 Refine#2" [stack: 0x000000125c100000,0x000000125c200000] [id=27888]
  0x000001bd38442800 ConcurrentGCThread "G1 Refine#3" [stack: 0x000000125c200000,0x000000125c300000] [id=13716]
  0x000001bd2d2c6800 ConcurrentGCThread "G1 Young RemSet Sampling" [stack: 0x0000001259000000,0x0000001259100000] [id=24332]

Threads with active compile tasks:
C2 CompilerThread2   4178 2999       4      
[error occurred during error reporting (printing all threads), id 0xe0000001, Out of Memory Error (./src/hotspot/share/memory/arena.cpp:81)]

VM state:not at safepoint (normal execution)

VM Mutex/Monitor currently owned by a thread: None

Heap address: 0x0000000700c00000, size: 4084 MB, Compressed Oops mode: Zero based, Oop shift amount: 3
Narrow klass base: 0x0000000800000000, Narrow klass shift: 0
Compressed class space size: 1073741824 Address: 0x0000000800000000

Heap:
 garbage-first heap   total 262144K, used 40872K [0x0000000700c00000, 0x0000000800000000)
  region size 1024K, 22 young (22528K), 9 survivors (9216K)
 Metaspace       used 29925K, capacity 30857K, committed 31024K, reserved 1077248K
  class space    used 3490K, capacity 3888K, committed 3968K, reserved 1048576K
Heap Regions: E=young(eden), S=young(survivor), O=old, HS=humongous(starts), HC=humongous(continues), CS=collection set, F=free, A=archive, TAMS=top-at-mark-start (previous, next)
|   0|0x0000000700c00000, 0x0000000700d00000, 0x0000000700d00000|100%| O|  |TAMS 0x0000000700d00000, 0x0000000700c00000| Untracked 
|   1|0x0000000700d00000, 0x0000000700e00000, 0x0000000700e00000|100%| O|  |TAMS 0x0000000700e00000, 0x0000000700d00000| Untracked 
|   2|0x0000000700e00000, 0x0000000700f00000, 0x0000000700f00000|100%| O|  |TAMS 0x0000000700eb1a00, 0x0000000700e00000| Untracked 
|   3|0x0000000700f00000, 0x0000000701000000, 0x0000000701000000|100%| O|  |TAMS 0x0000000700f00000, 0x0000000700f00000| Untracked 
|   4|0x0000000701000000, 0x0000000701100000, 0x0000000701100000|100%| O|  |TAMS 0x0000000701000000, 0x0000000701000000| Untracked 
|   5|0x0000000701100000, 0x0000000701200000, 0x0000000701200000|100%| O|  |TAMS 0x0000000701100000, 0x0000000701100000| Untracked 
|   6|0x0000000701200000, 0x0000000701300000, 0x0000000701300000|100%| O|  |TAMS 0x0000000701200000, 0x0000000701200000| Untracked 
|   7|0x0000000701300000, 0x0000000701400000, 0x0000000701400000|100%| O|  |TAMS 0x0000000701300000, 0x0000000701300000| Untracked 
|   8|0x0000000701400000, 0x0000000701500000, 0x0000000701500000|100%| O|  |TAMS 0x0000000701400000, 0x0000000701400000| Untracked 
|   9|0x0000000701500000, 0x0000000701600000, 0x0000000701600000|100%| O|  |TAMS 0x0000000701500000, 0x0000000701500000| Untracked 
|  10|0x0000000701600000, 0x0000000701700000, 0x0000000701700000|100%| O|  |TAMS 0x0000000701600000, 0x0000000701600000| Untracked 
|  11|0x0000000701700000, 0x0000000701800000, 0x0000000701800000|100%| O|  |TAMS 0x0000000701700000, 0x0000000701700000| Untracked 
|  12|0x0000000701800000, 0x0000000701900000, 0x0000000701900000|100%| O|  |TAMS 0x0000000701800000, 0x0000000701800000| Untracked 
|  13|0x0000000701900000, 0x0000000701a00000, 0x0000000701a00000|100%| O|  |TAMS 0x0000000701900000, 0x0000000701900000| Untracked 
|  14|0x0000000701a00000, 0x0000000701b00000, 0x0000000701b00000|100%| O|  |TAMS 0x0000000701a00000, 0x0000000701a00000| Untracked 
|  15|0x0000000701b00000, 0x0000000701c00000, 0x0000000701c00000|100%| O|  |TAMS 0x0000000701b00000, 0x0000000701b00000| Untracked 
|  16|0x0000000701c00000, 0x0000000701d00000, 0x0000000701d00000|100%| O|  |TAMS 0x0000000701c00000, 0x0000000701c00000| Untracked 
|  17|0x0000000701d00000, 0x0000000701e00000, 0x0000000701e00000|100%| O|  |TAMS 0x0000000701d00000, 0x0000000701d00000| Untracked 
|  18|0x0000000701e00000, 0x0000000701f00000, 0x0000000701f00000|100%| O|  |TAMS 0x0000000701e00000, 0x0000000701e00000| Untracked 
|  19|0x0000000701f00000, 0x0000000701f1c800, 0x0000000702000000| 11%| O|  |TAMS 0x0000000701f00000, 0x0000000701f00000| Untracked 
|  20|0x0000000702000000, 0x0000000702000000, 0x0000000702100000|  0%| F|  |TAMS 0x0000000702000000, 0x0000000702000000| Untracked 
|  21|0x0000000702100000, 0x0000000702100000, 0x0000000702200000|  0%| F|  |TAMS 0x0000000702100000, 0x0000000702100000| Untracked 
|  22|0x0000000702200000, 0x0000000702200000, 0x0000000702300000|  0%| F|  |TAMS 0x0000000702200000, 0x0000000702200000| Untracked 
|  23|0x0000000702300000, 0x0000000702300000, 0x0000000702400000|  0%| F|  |TAMS 0x0000000702300000, 0x0000000702300000| Untracked 
|  24|0x0000000702400000, 0x0000000702400000, 0x0000000702500000|  0%| F|  |TAMS 0x0000000702400000, 0x0000000702400000| Untracked 
|  25|0x0000000702500000, 0x0000000702500000, 0x0000000702600000|  0%| F|  |TAMS 0x0000000702500000, 0x0000000702500000| Untracked 
|  26|0x0000000702600000, 0x0000000702600000, 0x0000000702700000|  0%| F|  |TAMS 0x0000000702600000, 0x0000000702600000| Untracked 
|  27|0x0000000702700000, 0x0000000702700000, 0x0000000702800000|  0%| F|  |TAMS 0x0000000702700000, 0x0000000702700000| Untracked 
|  28|0x0000000702800000, 0x0000000702800000, 0x0000000702900000|  0%| F|  |TAMS 0x0000000702800000, 0x0000000702800000| Untracked 
|  29|0x0000000702900000, 0x0000000702900000, 0x0000000702a00000|  0%| F|  |TAMS 0x0000000702900000, 0x0000000702900000| Untracked 
|  30|0x0000000702a00000, 0x0000000702a00000, 0x0000000702b00000|  0%| F|  |TAMS 0x0000000702a00000, 0x0000000702a00000| Untracked 
|  31|0x0000000702b00000, 0x0000000702b00000, 0x0000000702c00000|  0%| F|  |TAMS 0x0000000702b00000, 0x0000000702b00000| Untracked 
|  32|0x0000000702c00000, 0x0000000702c00000, 0x0000000702d00000|  0%| F|  |TAMS 0x0000000702c00000, 0x0000000702c00000| Untracked 
|  33|0x0000000702d00000, 0x0000000702d00000, 0x0000000702e00000|  0%| F|  |TAMS 0x0000000702d00000, 0x0000000702d00000| Untracked 
|  34|0x0000000702e00000, 0x0000000702e00000, 0x0000000702f00000|  0%| F|  |TAMS 0x0000000702e00000, 0x0000000702e00000| Untracked 
|  35|0x0000000702f00000, 0x0000000702f00000, 0x0000000703000000|  0%| F|  |TAMS 0x0000000702f00000, 0x0000000702f00000| Untracked 
|  36|0x0000000703000000, 0x0000000703000000, 0x0000000703100000|  0%| F|  |TAMS 0x0000000703000000, 0x0000000703000000| Untracked 
|  37|0x0000000703100000, 0x0000000703100000, 0x0000000703200000|  0%| F|  |TAMS 0x0000000703100000, 0x0000000703100000| Untracked 
|  38|0x0000000703200000, 0x0000000703200000, 0x0000000703300000|  0%| F|  |TAMS 0x0000000703200000, 0x0000000703200000| Untracked 
|  39|0x0000000703300000, 0x0000000703300000, 0x0000000703400000|  0%| F|  |TAMS 0x0000000703300000, 0x0000000703300000| Untracked 
|  40|0x0000000703400000, 0x0000000703400000, 0x0000000703500000|  0%| F|  |TAMS 0x0000000703400000, 0x0000000703400000| Untracked 
|  41|0x0000000703500000, 0x0000000703500000, 0x0000000703600000|  0%| F|  |TAMS 0x0000000703500000, 0x0000000703500000| Untracked 
|  42|0x0000000703600000, 0x0000000703600000, 0x0000000703700000|  0%| F|  |TAMS 0x0000000703600000, 0x0000000703600000| Untracked 
|  43|0x0000000703700000, 0x0000000703700000, 0x0000000703800000|  0%| F|  |TAMS 0x0000000703700000, 0x0000000703700000| Untracked 
|  44|0x0000000703800000, 0x0000000703800000, 0x0000000703900000|  0%| F|  |TAMS 0x0000000703800000, 0x0000000703800000| Untracked 
|  45|0x0000000703900000, 0x0000000703900000, 0x0000000703a00000|  0%| F|  |TAMS 0x0000000703900000, 0x0000000703900000| Untracked 
|  46|0x0000000703a00000, 0x0000000703a00000, 0x0000000703b00000|  0%| F|  |TAMS 0x0000000703a00000, 0x0000000703a00000| Untracked 
|  47|0x0000000703b00000, 0x0000000703b00000, 0x0000000703c00000|  0%| F|  |TAMS 0x0000000703b00000, 0x0000000703b00000| Untracked 
|  48|0x0000000703c00000, 0x0000000703c00000, 0x0000000703d00000|  0%| F|  |TAMS 0x0000000703c00000, 0x0000000703c00000| Untracked 
|  49|0x0000000703d00000, 0x0000000703d00000, 0x0000000703e00000|  0%| F|  |TAMS 0x0000000703d00000, 0x0000000703d00000| Untracked 
|  50|0x0000000703e00000, 0x0000000703e00000, 0x0000000703f00000|  0%| F|  |TAMS 0x0000000703e00000, 0x0000000703e00000| Untracked 
|  51|0x0000000703f00000, 0x0000000703f00000, 0x0000000704000000|  0%| F|  |TAMS 0x0000000703f00000, 0x0000000703f00000| Untracked 
|  52|0x0000000704000000, 0x0000000704000000, 0x0000000704100000|  0%| F|  |TAMS 0x0000000704000000, 0x0000000704000000| Untracked 
|  53|0x0000000704100000, 0x0000000704100000, 0x0000000704200000|  0%| F|  |TAMS 0x0000000704100000, 0x0000000704100000| Untracked 
|  54|0x0000000704200000, 0x0000000704200000, 0x0000000704300000|  0%| F|  |TAMS 0x0000000704200000, 0x0000000704200000| Untracked 
|  55|0x0000000704300000, 0x0000000704300000, 0x0000000704400000|  0%| F|  |TAMS 0x0000000704300000, 0x0000000704300000| Untracked 
|  56|0x0000000704400000, 0x0000000704400000, 0x0000000704500000|  0%| F|  |TAMS 0x0000000704400000, 0x0000000704400000| Untracked 
|  57|0x0000000704500000, 0x0000000704500000, 0x0000000704600000|  0%| F|  |TAMS 0x0000000704500000, 0x0000000704500000| Untracked 
|  58|0x0000000704600000, 0x0000000704600000, 0x0000000704700000|  0%| F|  |TAMS 0x0000000704600000, 0x0000000704600000| Untracked 
|  59|0x0000000704700000, 0x0000000704700000, 0x0000000704800000|  0%| F|  |TAMS 0x0000000704700000, 0x0000000704700000| Untracked 
|  60|0x0000000704800000, 0x0000000704800000, 0x0000000704900000|  0%| F|  |TAMS 0x0000000704800000, 0x0000000704800000| Untracked 
|  61|0x0000000704900000, 0x0000000704900000, 0x0000000704a00000|  0%| F|  |TAMS 0x0000000704900000, 0x0000000704900000| Untracked 
|  62|0x0000000704a00000, 0x0000000704a00000, 0x0000000704b00000|  0%| F|  |TAMS 0x0000000704a00000, 0x0000000704a00000| Untracked 
|  63|0x0000000704b00000, 0x0000000704b00000, 0x0000000704c00000|  0%| F|  |TAMS 0x0000000704b00000, 0x0000000704b00000| Untracked 
|  64|0x0000000704c00000, 0x0000000704c00000, 0x0000000704d00000|  0%| F|  |TAMS 0x0000000704c00000, 0x0000000704c00000| Untracked 
|  65|0x0000000704d00000, 0x0000000704d00000, 0x0000000704e00000|  0%| F|  |TAMS 0x0000000704d00000, 0x0000000704d00000| Untracked 
|  66|0x0000000704e00000, 0x0000000704e00000, 0x0000000704f00000|  0%| F|  |TAMS 0x0000000704e00000, 0x0000000704e00000| Untracked 
|  67|0x0000000704f00000, 0x0000000704f00000, 0x0000000705000000|  0%| F|  |TAMS 0x0000000704f00000, 0x0000000704f00000| Untracked 
|  68|0x0000000705000000, 0x0000000705000000, 0x0000000705100000|  0%| F|  |TAMS 0x0000000705000000, 0x0000000705000000| Untracked 
|  69|0x0000000705100000, 0x0000000705100000, 0x0000000705200000|  0%| F|  |TAMS 0x0000000705100000, 0x0000000705100000| Untracked 
|  70|0x0000000705200000, 0x0000000705200000, 0x0000000705300000|  0%| F|  |TAMS 0x0000000705200000, 0x0000000705200000| Untracked 
|  71|0x0000000705300000, 0x0000000705300000, 0x0000000705400000|  0%| F|  |TAMS 0x0000000705300000, 0x0000000705300000| Untracked 
|  72|0x0000000705400000, 0x0000000705400000, 0x0000000705500000|  0%| F|  |TAMS 0x0000000705400000, 0x0000000705400000| Untracked 
|  73|0x0000000705500000, 0x0000000705500000, 0x0000000705600000|  0%| F|  |TAMS 0x0000000705500000, 0x0000000705500000| Untracked 
|  74|0x0000000705600000, 0x0000000705600000, 0x0000000705700000|  0%| F|  |TAMS 0x0000000705600000, 0x0000000705600000| Untracked 
|  75|0x0000000705700000, 0x0000000705700000, 0x0000000705800000|  0%| F|  |TAMS 0x0000000705700000, 0x0000000705700000| Untracked 
|  76|0x0000000705800000, 0x0000000705800000, 0x0000000705900000|  0%| F|  |TAMS 0x0000000705800000, 0x0000000705800000| Untracked 
|  77|0x0000000705900000, 0x0000000705900000, 0x0000000705a00000|  0%| F|  |TAMS 0x0000000705900000, 0x0000000705900000| Untracked 
|  78|0x0000000705a00000, 0x0000000705a00000, 0x0000000705b00000|  0%| F|  |TAMS 0x0000000705a00000, 0x0000000705a00000| Untracked 
|  79|0x0000000705b00000, 0x0000000705b00000, 0x0000000705c00000|  0%| F|  |TAMS 0x0000000705b00000, 0x0000000705b00000| Untracked 
|  80|0x0000000705c00000, 0x0000000705c00000, 0x0000000705d00000|  0%| F|  |TAMS 0x0000000705c00000, 0x0000000705c00000| Untracked 
|  81|0x0000000705d00000, 0x0000000705d00000, 0x0000000705e00000|  0%| F|  |TAMS 0x0000000705d00000, 0x0000000705d00000| Untracked 
|  82|0x0000000705e00000, 0x0000000705e00000, 0x0000000705f00000|  0%| F|  |TAMS 0x0000000705e00000, 0x0000000705e00000| Untracked 
|  83|0x0000000705f00000, 0x0000000705f00000, 0x0000000706000000|  0%| F|  |TAMS 0x0000000705f00000, 0x0000000705f00000| Untracked 
|  84|0x0000000706000000, 0x0000000706000000, 0x0000000706100000|  0%| F|  |TAMS 0x0000000706000000, 0x0000000706000000| Untracked 
|  85|0x0000000706100000, 0x0000000706100000, 0x0000000706200000|  0%| F|  |TAMS 0x0000000706100000, 0x0000000706100000| Untracked 
|  86|0x0000000706200000, 0x0000000706200000, 0x0000000706300000|  0%| F|  |TAMS 0x0000000706200000, 0x0000000706200000| Untracked 
|  87|0x0000000706300000, 0x0000000706300000, 0x0000000706400000|  0%| F|  |TAMS 0x0000000706300000, 0x0000000706300000| Untracked 
|  88|0x0000000706400000, 0x0000000706400000, 0x0000000706500000|  0%| F|  |TAMS 0x0000000706400000, 0x0000000706400000| Untracked 
|  89|0x0000000706500000, 0x0000000706500000, 0x0000000706600000|  0%| F|  |TAMS 0x0000000706500000, 0x0000000706500000| Untracked 
|  90|0x0000000706600000, 0x0000000706600000, 0x0000000706700000|  0%| F|  |TAMS 0x0000000706600000, 0x0000000706600000| Untracked 
|  91|0x0000000706700000, 0x0000000706700000, 0x0000000706800000|  0%| F|  |TAMS 0x0000000706700000, 0x0000000706700000| Untracked 
|  92|0x0000000706800000, 0x0000000706800000, 0x0000000706900000|  0%| F|  |TAMS 0x0000000706800000, 0x0000000706800000| Untracked 
|  93|0x0000000706900000, 0x0000000706900000, 0x0000000706a00000|  0%| F|  |TAMS 0x0000000706900000, 0x0000000706900000| Untracked 
|  94|0x0000000706a00000, 0x0000000706a00000, 0x0000000706b00000|  0%| F|  |TAMS 0x0000000706a00000, 0x0000000706a00000| Untracked 
|  95|0x0000000706b00000, 0x0000000706b00000, 0x0000000706c00000|  0%| F|  |TAMS 0x0000000706b00000, 0x0000000706b00000| Untracked 
|  96|0x0000000706c00000, 0x0000000706c00000, 0x0000000706d00000|  0%| F|  |TAMS 0x0000000706c00000, 0x0000000706c00000| Untracked 
|  97|0x0000000706d00000, 0x0000000706d00000, 0x0000000706e00000|  0%| F|  |TAMS 0x0000000706d00000, 0x0000000706d00000| Untracked 
|  98|0x0000000706e00000, 0x0000000706e00000, 0x0000000706f00000|  0%| F|  |TAMS 0x0000000706e00000, 0x0000000706e00000| Untracked 
|  99|0x0000000706f00000, 0x0000000706f00000, 0x0000000707000000|  0%| F|  |TAMS 0x0000000706f00000, 0x0000000706f00000| Untracked 
| 100|0x0000000707000000, 0x0000000707000000, 0x0000000707100000|  0%| F|  |TAMS 0x0000000707000000, 0x0000000707000000| Untracked 
| 101|0x0000000707100000, 0x0000000707100000, 0x0000000707200000|  0%| F|  |TAMS 0x0000000707100000, 0x0000000707100000| Untracked 
| 102|0x0000000707200000, 0x0000000707200000, 0x0000000707300000|  0%| F|  |TAMS 0x0000000707200000, 0x0000000707200000| Untracked 
| 103|0x0000000707300000, 0x0000000707300000, 0x0000000707400000|  0%| F|  |TAMS 0x0000000707300000, 0x0000000707300000| Untracked 
| 104|0x0000000707400000, 0x0000000707400000, 0x0000000707500000|  0%| F|  |TAMS 0x0000000707400000, 0x0000000707400000| Untracked 
| 105|0x0000000707500000, 0x0000000707500000, 0x0000000707600000|  0%| F|  |TAMS 0x0000000707500000, 0x0000000707500000| Untracked 
| 106|0x0000000707600000, 0x0000000707600000, 0x0000000707700000|  0%| F|  |TAMS 0x0000000707600000, 0x0000000707600000| Untracked 
| 107|0x0000000707700000, 0x0000000707700000, 0x0000000707800000|  0%| F|  |TAMS 0x0000000707700000, 0x0000000707700000| Untracked 
| 108|0x0000000707800000, 0x0000000707800000, 0x0000000707900000|  0%| F|  |TAMS 0x0000000707800000, 0x0000000707800000| Untracked 
| 109|0x0000000707900000, 0x0000000707900000, 0x0000000707a00000|  0%| F|  |TAMS 0x0000000707900000, 0x0000000707900000| Untracked 
| 110|0x0000000707a00000, 0x0000000707a00000, 0x0000000707b00000|  0%| F|  |TAMS 0x0000000707a00000, 0x0000000707a00000| Untracked 
| 111|0x0000000707b00000, 0x0000000707b00000, 0x0000000707c00000|  0%| F|  |TAMS 0x0000000707b00000, 0x0000000707b00000| Untracked 
| 112|0x0000000707c00000, 0x0000000707c00000, 0x0000000707d00000|  0%| F|  |TAMS 0x0000000707c00000, 0x0000000707c00000| Untracked 
| 113|0x0000000707d00000, 0x0000000707d00000, 0x0000000707e00000|  0%| F|  |TAMS 0x0000000707d00000, 0x0000000707d00000| Untracked 
| 114|0x0000000707e00000, 0x0000000707e00000, 0x0000000707f00000|  0%| F|  |TAMS 0x0000000707e00000, 0x0000000707e00000| Untracked 
| 115|0x0000000707f00000, 0x0000000707f00000, 0x0000000708000000|  0%| F|  |TAMS 0x0000000707f00000, 0x0000000707f00000| Untracked 
| 116|0x0000000708000000, 0x0000000708000000, 0x0000000708100000|  0%| F|  |TAMS 0x0000000708000000, 0x0000000708000000| Untracked 
| 117|0x0000000708100000, 0x0000000708100000, 0x0000000708200000|  0%| F|  |TAMS 0x0000000708100000, 0x0000000708100000| Untracked 
| 118|0x0000000708200000, 0x0000000708200000, 0x0000000708300000|  0%| F|  |TAMS 0x0000000708200000, 0x0000000708200000| Untracked 
| 119|0x0000000708300000, 0x0000000708300000, 0x0000000708400000|  0%| F|  |TAMS 0x0000000708300000, 0x0000000708300000| Untracked 
| 120|0x0000000708400000, 0x0000000708400000, 0x0000000708500000|  0%| F|  |TAMS 0x0000000708400000, 0x0000000708400000| Untracked 
| 121|0x0000000708500000, 0x0000000708500000, 0x0000000708600000|  0%| F|  |TAMS 0x0000000708500000, 0x0000000708500000| Untracked 
| 122|0x0000000708600000, 0x0000000708600000, 0x0000000708700000|  0%| F|  |TAMS 0x0000000708600000, 0x0000000708600000| Untracked 
| 123|0x0000000708700000, 0x0000000708700000, 0x0000000708800000|  0%| F|  |TAMS 0x0000000708700000, 0x0000000708700000| Untracked 
| 124|0x0000000708800000, 0x0000000708800000, 0x0000000708900000|  0%| F|  |TAMS 0x0000000708800000, 0x0000000708800000| Untracked 
| 125|0x0000000708900000, 0x0000000708900000, 0x0000000708a00000|  0%| F|  |TAMS 0x0000000708900000, 0x0000000708900000| Untracked 
| 126|0x0000000708a00000, 0x0000000708a00000, 0x0000000708b00000|  0%| F|  |TAMS 0x0000000708a00000, 0x0000000708a00000| Untracked 
| 127|0x0000000708b00000, 0x0000000708b00000, 0x0000000708c00000|  0%| F|  |TAMS 0x0000000708b00000, 0x0000000708b00000| Untracked 
| 128|0x0000000708c00000, 0x0000000708c00000, 0x0000000708d00000|  0%| F|  |TAMS 0x0000000708c00000, 0x0000000708c00000| Untracked 
| 129|0x0000000708d00000, 0x0000000708d00000, 0x0000000708e00000|  0%| F|  |TAMS 0x0000000708d00000, 0x0000000708d00000| Untracked 
| 130|0x0000000708e00000, 0x0000000708e00000, 0x0000000708f00000|  0%| F|  |TAMS 0x0000000708e00000, 0x0000000708e00000| Untracked 
| 131|0x0000000708f00000, 0x0000000708f00000, 0x0000000709000000|  0%| F|  |TAMS 0x0000000708f00000, 0x0000000708f00000| Untracked 
| 132|0x0000000709000000, 0x0000000709000000, 0x0000000709100000|  0%| F|  |TAMS 0x0000000709000000, 0x0000000709000000| Untracked 
| 133|0x0000000709100000, 0x0000000709100000, 0x0000000709200000|  0%| F|  |TAMS 0x0000000709100000, 0x0000000709100000| Untracked 
| 134|0x0000000709200000, 0x0000000709200000, 0x0000000709300000|  0%| F|  |TAMS 0x0000000709200000, 0x0000000709200000| Untracked 
| 135|0x0000000709300000, 0x0000000709300000, 0x0000000709400000|  0%| F|  |TAMS 0x0000000709300000, 0x0000000709300000| Untracked 
| 136|0x0000000709400000, 0x0000000709400000, 0x0000000709500000|  0%| F|  |TAMS 0x0000000709400000, 0x0000000709400000| Untracked 
| 137|0x0000000709500000, 0x0000000709500000, 0x0000000709600000|  0%| F|  |TAMS 0x0000000709500000, 0x0000000709500000| Untracked 
| 138|0x0000000709600000, 0x0000000709600000, 0x0000000709700000|  0%| F|  |TAMS 0x0000000709600000, 0x0000000709600000| Untracked 
| 139|0x0000000709700000, 0x0000000709700000, 0x0000000709800000|  0%| F|  |TAMS 0x0000000709700000, 0x0000000709700000| Untracked 
| 140|0x0000000709800000, 0x0000000709800000, 0x0000000709900000|  0%| F|  |TAMS 0x0000000709800000, 0x0000000709800000| Untracked 
| 141|0x0000000709900000, 0x0000000709900000, 0x0000000709a00000|  0%| F|  |TAMS 0x0000000709900000, 0x0000000709900000| Untracked 
| 142|0x0000000709a00000, 0x0000000709a00000, 0x0000000709b00000|  0%| F|  |TAMS 0x0000000709a00000, 0x0000000709a00000| Untracked 
| 143|0x0000000709b00000, 0x0000000709b00000, 0x0000000709c00000|  0%| F|  |TAMS 0x0000000709b00000, 0x0000000709b00000| Untracked 
| 144|0x0000000709c00000, 0x0000000709c00000, 0x0000000709d00000|  0%| F|  |TAMS 0x0000000709c00000, 0x0000000709c00000| Untracked 
| 145|0x0000000709d00000, 0x0000000709d00000, 0x0000000709e00000|  0%| F|  |TAMS 0x0000000709d00000, 0x0000000709d00000| Untracked 
| 146|0x0000000709e00000, 0x0000000709e00000, 0x0000000709f00000|  0%| F|  |TAMS 0x0000000709e00000, 0x0000000709e00000| Untracked 
| 147|0x0000000709f00000, 0x0000000709f00000, 0x000000070a000000|  0%| F|  |TAMS 0x0000000709f00000, 0x0000000709f00000| Untracked 
| 148|0x000000070a000000, 0x000000070a000000, 0x000000070a100000|  0%| F|  |TAMS 0x000000070a000000, 0x000000070a000000| Untracked 
| 149|0x000000070a100000, 0x000000070a1cdaa0, 0x000000070a200000| 80%| S|CS|TAMS 0x000000070a100000, 0x000000070a100000| Complete 
| 150|0x000000070a200000, 0x000000070a300000, 0x000000070a300000|100%| S|CS|TAMS 0x000000070a200000, 0x000000070a200000| Complete 
| 151|0x000000070a300000, 0x000000070a400000, 0x000000070a400000|100%| S|CS|TAMS 0x000000070a300000, 0x000000070a300000| Complete 
| 152|0x000000070a400000, 0x000000070a500000, 0x000000070a500000|100%| S|CS|TAMS 0x000000070a400000, 0x000000070a400000| Complete 
| 153|0x000000070a500000, 0x000000070a600000, 0x000000070a600000|100%| S|CS|TAMS 0x000000070a500000, 0x000000070a500000| Complete 
| 154|0x000000070a600000, 0x000000070a700000, 0x000000070a700000|100%| S|CS|TAMS 0x000000070a600000, 0x000000070a600000| Complete 
| 155|0x000000070a700000, 0x000000070a800000, 0x000000070a800000|100%| S|CS|TAMS 0x000000070a700000, 0x000000070a700000| Complete 
| 156|0x000000070a800000, 0x000000070a900000, 0x000000070a900000|100%| S|CS|TAMS 0x000000070a800000, 0x000000070a800000| Complete 
| 157|0x000000070a900000, 0x000000070aa00000, 0x000000070aa00000|100%| S|CS|TAMS 0x000000070a900000, 0x000000070a900000| Complete 
| 158|0x000000070aa00000, 0x000000070aa00000, 0x000000070ab00000|  0%| F|  |TAMS 0x000000070aa00000, 0x000000070aa00000| Untracked 
| 159|0x000000070ab00000, 0x000000070ab00000, 0x000000070ac00000|  0%| F|  |TAMS 0x000000070ab00000, 0x000000070ab00000| Untracked 
| 160|0x000000070ac00000, 0x000000070ac00000, 0x000000070ad00000|  0%| F|  |TAMS 0x000000070ac00000, 0x000000070ac00000| Untracked 
| 161|0x000000070ad00000, 0x000000070ad00000, 0x000000070ae00000|  0%| F|  |TAMS 0x000000070ad00000, 0x000000070ad00000| Untracked 
| 162|0x000000070ae00000, 0x000000070ae00000, 0x000000070af00000|  0%| F|  |TAMS 0x000000070ae00000, 0x000000070ae00000| Untracked 
| 163|0x000000070af00000, 0x000000070af00000, 0x000000070b000000|  0%| F|  |TAMS 0x000000070af00000, 0x000000070af00000| Untracked 
| 164|0x000000070b000000, 0x000000070b000000, 0x000000070b100000|  0%| F|  |TAMS 0x000000070b000000, 0x000000070b000000| Untracked 
| 165|0x000000070b100000, 0x000000070b100000, 0x000000070b200000|  0%| F|  |TAMS 0x000000070b100000, 0x000000070b100000| Untracked 
| 166|0x000000070b200000, 0x000000070b200000, 0x000000070b300000|  0%| F|  |TAMS 0x000000070b200000, 0x000000070b200000| Untracked 
| 167|0x000000070b300000, 0x000000070b300000, 0x000000070b400000|  0%| F|  |TAMS 0x000000070b300000, 0x000000070b300000| Untracked 
| 168|0x000000070b400000, 0x000000070b400000, 0x000000070b500000|  0%| F|  |TAMS 0x000000070b400000, 0x000000070b400000| Untracked 
| 169|0x000000070b500000, 0x000000070b500000, 0x000000070b600000|  0%| F|  |TAMS 0x000000070b500000, 0x000000070b500000| Untracked 
| 170|0x000000070b600000, 0x000000070b600000, 0x000000070b700000|  0%| F|  |TAMS 0x000000070b600000, 0x000000070b600000| Untracked 
| 171|0x000000070b700000, 0x000000070b700000, 0x000000070b800000|  0%| F|  |TAMS 0x000000070b700000, 0x000000070b700000| Untracked 
| 172|0x000000070b800000, 0x000000070b800000, 0x000000070b900000|  0%| F|  |TAMS 0x000000070b800000, 0x000000070b800000| Untracked 
| 173|0x000000070b900000, 0x000000070b900000, 0x000000070ba00000|  0%| F|  |TAMS 0x000000070b900000, 0x000000070b900000| Untracked 
| 174|0x000000070ba00000, 0x000000070ba00000, 0x000000070bb00000|  0%| F|  |TAMS 0x000000070ba00000, 0x000000070ba00000| Untracked 
| 175|0x000000070bb00000, 0x000000070bb00000, 0x000000070bc00000|  0%| F|  |TAMS 0x000000070bb00000, 0x000000070bb00000| Untracked 
| 176|0x000000070bc00000, 0x000000070bc00000, 0x000000070bd00000|  0%| F|  |TAMS 0x000000070bc00000, 0x000000070bc00000| Untracked 
| 177|0x000000070bd00000, 0x000000070bd00000, 0x000000070be00000|  0%| F|  |TAMS 0x000000070bd00000, 0x000000070bd00000| Untracked 
| 178|0x000000070be00000, 0x000000070be00000, 0x000000070bf00000|  0%| F|  |TAMS 0x000000070be00000, 0x000000070be00000| Untracked 
| 179|0x000000070bf00000, 0x000000070bf00000, 0x000000070c000000|  0%| F|  |TAMS 0x000000070bf00000, 0x000000070bf00000| Untracked 
| 180|0x000000070c000000, 0x000000070c000000, 0x000000070c100000|  0%| F|  |TAMS 0x000000070c000000, 0x000000070c000000| Untracked 
| 181|0x000000070c100000, 0x000000070c100000, 0x000000070c200000|  0%| F|  |TAMS 0x000000070c100000, 0x000000070c100000| Untracked 
| 182|0x000000070c200000, 0x000000070c200000, 0x000000070c300000|  0%| F|  |TAMS 0x000000070c200000, 0x000000070c200000| Untracked 
| 183|0x000000070c300000, 0x000000070c300000, 0x000000070c400000|  0%| F|  |TAMS 0x000000070c300000, 0x000000070c300000| Untracked 
| 184|0x000000070c400000, 0x000000070c400000, 0x000000070c500000|  0%| F|  |TAMS 0x000000070c400000, 0x000000070c400000| Untracked 
| 185|0x000000070c500000, 0x000000070c500000, 0x000000070c600000|  0%| F|  |TAMS 0x000000070c500000, 0x000000070c500000| Untracked 
| 186|0x000000070c600000, 0x000000070c600000, 0x000000070c700000|  0%| F|  |TAMS 0x000000070c600000, 0x000000070c600000| Untracked 
| 187|0x000000070c700000, 0x000000070c700000, 0x000000070c800000|  0%| F|  |TAMS 0x000000070c700000, 0x000000070c700000| Untracked 
| 188|0x000000070c800000, 0x000000070c800000, 0x000000070c900000|  0%| F|  |TAMS 0x000000070c800000, 0x000000070c800000| Untracked 
| 189|0x000000070c900000, 0x000000070c900000, 0x000000070ca00000|  0%| F|  |TAMS 0x000000070c900000, 0x000000070c900000| Untracked 
| 190|0x000000070ca00000, 0x000000070ca00000, 0x000000070cb00000|  0%| F|  |TAMS 0x000000070ca00000, 0x000000070ca00000| Untracked 
| 191|0x000000070cb00000, 0x000000070cb00000, 0x000000070cc00000|  0%| F|  |TAMS 0x000000070cb00000, 0x000000070cb00000| Untracked 
| 192|0x000000070cc00000, 0x000000070cc00000, 0x000000070cd00000|  0%| F|  |TAMS 0x000000070cc00000, 0x000000070cc00000| Untracked 
| 193|0x000000070cd00000, 0x000000070cd00000, 0x000000070ce00000|  0%| F|  |TAMS 0x000000070cd00000, 0x000000070cd00000| Untracked 
| 194|0x000000070ce00000, 0x000000070ce00000, 0x000000070cf00000|  0%| F|  |TAMS 0x000000070ce00000, 0x000000070ce00000| Untracked 
| 195|0x000000070cf00000, 0x000000070cf00000, 0x000000070d000000|  0%| F|  |TAMS 0x000000070cf00000, 0x000000070cf00000| Untracked 
| 196|0x000000070d000000, 0x000000070d000000, 0x000000070d100000|  0%| F|  |TAMS 0x000000070d000000, 0x000000070d000000| Untracked 
| 197|0x000000070d100000, 0x000000070d100000, 0x000000070d200000|  0%| F|  |TAMS 0x000000070d100000, 0x000000070d100000| Untracked 
| 198|0x000000070d200000, 0x000000070d200000, 0x000000070d300000|  0%| F|  |TAMS 0x000000070d200000, 0x000000070d200000| Untracked 
| 199|0x000000070d300000, 0x000000070d300000, 0x000000070d400000|  0%| F|  |TAMS 0x000000070d300000, 0x000000070d300000| Untracked 
| 200|0x000000070d400000, 0x000000070d400000, 0x000000070d500000|  0%| F|  |TAMS 0x000000070d400000, 0x000000070d400000| Untracked 
| 201|0x000000070d500000, 0x000000070d500000, 0x000000070d600000|  0%| F|  |TAMS 0x000000070d500000, 0x000000070d500000| Untracked 
| 202|0x000000070d600000, 0x000000070d600000, 0x000000070d700000|  0%| F|  |TAMS 0x000000070d600000, 0x000000070d600000| Untracked 
| 203|0x000000070d700000, 0x000000070d700000, 0x000000070d800000|  0%| F|  |TAMS 0x000000070d700000, 0x000000070d700000| Untracked 
| 204|0x000000070d800000, 0x000000070d800000, 0x000000070d900000|  0%| F|  |TAMS 0x000000070d800000, 0x000000070d800000| Untracked 
| 205|0x000000070d900000, 0x000000070d900000, 0x000000070da00000|  0%| F|  |TAMS 0x000000070d900000, 0x000000070d900000| Untracked 
| 206|0x000000070da00000, 0x000000070da00000, 0x000000070db00000|  0%| F|  |TAMS 0x000000070da00000, 0x000000070da00000| Untracked 
| 207|0x000000070db00000, 0x000000070db00000, 0x000000070dc00000|  0%| F|  |TAMS 0x000000070db00000, 0x000000070db00000| Untracked 
| 208|0x000000070dc00000, 0x000000070dc00000, 0x000000070dd00000|  0%| F|  |TAMS 0x000000070dc00000, 0x000000070dc00000| Untracked 
| 209|0x000000070dd00000, 0x000000070dd00000, 0x000000070de00000|  0%| F|  |TAMS 0x000000070dd00000, 0x000000070dd00000| Untracked 
| 210|0x000000070de00000, 0x000000070de00000, 0x000000070df00000|  0%| F|  |TAMS 0x000000070de00000, 0x000000070de00000| Untracked 
| 211|0x000000070df00000, 0x000000070df00000, 0x000000070e000000|  0%| F|  |TAMS 0x000000070df00000, 0x000000070df00000| Untracked 
| 212|0x000000070e000000, 0x000000070e000000, 0x000000070e100000|  0%| F|  |TAMS 0x000000070e000000, 0x000000070e000000| Untracked 
| 213|0x000000070e100000, 0x000000070e100000, 0x000000070e200000|  0%| F|  |TAMS 0x000000070e100000, 0x000000070e100000| Untracked 
| 214|0x000000070e200000, 0x000000070e200000, 0x000000070e300000|  0%| F|  |TAMS 0x000000070e200000, 0x000000070e200000| Untracked 
| 215|0x000000070e300000, 0x000000070e300000, 0x000000070e400000|  0%| F|  |TAMS 0x000000070e300000, 0x000000070e300000| Untracked 
| 216|0x000000070e400000, 0x000000070e400000, 0x000000070e500000|  0%| F|  |TAMS 0x000000070e400000, 0x000000070e400000| Untracked 
| 217|0x000000070e500000, 0x000000070e500000, 0x000000070e600000|  0%| F|  |TAMS 0x000000070e500000, 0x000000070e500000| Untracked 
| 218|0x000000070e600000, 0x000000070e600000, 0x000000070e700000|  0%| F|  |TAMS 0x000000070e600000, 0x000000070e600000| Untracked 
| 219|0x000000070e700000, 0x000000070e700000, 0x000000070e800000|  0%| F|  |TAMS 0x000000070e700000, 0x000000070e700000| Untracked 
| 220|0x000000070e800000, 0x000000070e800000, 0x000000070e900000|  0%| F|  |TAMS 0x000000070e800000, 0x000000070e800000| Untracked 
| 221|0x000000070e900000, 0x000000070e900000, 0x000000070ea00000|  0%| F|  |TAMS 0x000000070e900000, 0x000000070e900000| Untracked 
| 222|0x000000070ea00000, 0x000000070ea00000, 0x000000070eb00000|  0%| F|  |TAMS 0x000000070ea00000, 0x000000070ea00000| Untracked 
| 223|0x000000070eb00000, 0x000000070eb00000, 0x000000070ec00000|  0%| F|  |TAMS 0x000000070eb00000, 0x000000070eb00000| Untracked 
| 224|0x000000070ec00000, 0x000000070ec00000, 0x000000070ed00000|  0%| F|  |TAMS 0x000000070ec00000, 0x000000070ec00000| Untracked 
| 225|0x000000070ed00000, 0x000000070ed00000, 0x000000070ee00000|  0%| F|  |TAMS 0x000000070ed00000, 0x000000070ed00000| Untracked 
| 226|0x000000070ee00000, 0x000000070ee00000, 0x000000070ef00000|  0%| F|  |TAMS 0x000000070ee00000, 0x000000070ee00000| Untracked 
| 227|0x000000070ef00000, 0x000000070ef00000, 0x000000070f000000|  0%| F|  |TAMS 0x000000070ef00000, 0x000000070ef00000| Untracked 
| 228|0x000000070f000000, 0x000000070f000000, 0x000000070f100000|  0%| F|  |TAMS 0x000000070f000000, 0x000000070f000000| Untracked 
| 229|0x000000070f100000, 0x000000070f100000, 0x000000070f200000|  0%| F|  |TAMS 0x000000070f100000, 0x000000070f100000| Untracked 
| 230|0x000000070f200000, 0x000000070f200000, 0x000000070f300000|  0%| F|  |TAMS 0x000000070f200000, 0x000000070f200000| Untracked 
| 231|0x000000070f300000, 0x000000070f300000, 0x000000070f400000|  0%| F|  |TAMS 0x000000070f300000, 0x000000070f300000| Untracked 
| 232|0x000000070f400000, 0x000000070f400000, 0x000000070f500000|  0%| F|  |TAMS 0x000000070f400000, 0x000000070f400000| Untracked 
| 233|0x000000070f500000, 0x000000070f500000, 0x000000070f600000|  0%| F|  |TAMS 0x000000070f500000, 0x000000070f500000| Untracked 
| 234|0x000000070f600000, 0x000000070f600000, 0x000000070f700000|  0%| F|  |TAMS 0x000000070f600000, 0x000000070f600000| Untracked 
| 235|0x000000070f700000, 0x000000070f700000, 0x000000070f800000|  0%| F|  |TAMS 0x000000070f700000, 0x000000070f700000| Untracked 
| 236|0x000000070f800000, 0x000000070f800000, 0x000000070f900000|  0%| F|  |TAMS 0x000000070f800000, 0x000000070f800000| Untracked 
| 237|0x000000070f900000, 0x000000070f900000, 0x000000070fa00000|  0%| F|  |TAMS 0x000000070f900000, 0x000000070f900000| Untracked 
| 238|0x000000070fa00000, 0x000000070fa00000, 0x000000070fb00000|  0%| F|  |TAMS 0x000000070fa00000, 0x000000070fa00000| Untracked 
| 239|0x000000070fb00000, 0x000000070fb00000, 0x000000070fc00000|  0%| F|  |TAMS 0x000000070fb00000, 0x000000070fb00000| Untracked 
| 240|0x000000070fc00000, 0x000000070fc00000, 0x000000070fd00000|  0%| F|  |TAMS 0x000000070fc00000, 0x000000070fc00000| Untracked 
| 241|0x000000070fd00000, 0x000000070fd00000, 0x000000070fe00000|  0%| F|  |TAMS 0x000000070fd00000, 0x000000070fd00000| Untracked 
| 242|0x000000070fe00000, 0x000000070fe00000, 0x000000070ff00000|  0%| F|  |TAMS 0x000000070fe00000, 0x000000070fe00000| Untracked 
| 243|0x000000070ff00000, 0x000000070ffac548, 0x0000000710000000| 67%| E|  |TAMS 0x000000070ff00000, 0x000000070ff00000| Complete 
| 244|0x0000000710000000, 0x0000000710100000, 0x0000000710100000|100%| E|CS|TAMS 0x0000000710000000, 0x0000000710000000| Complete 
| 245|0x0000000710100000, 0x0000000710200000, 0x0000000710200000|100%| E|CS|TAMS 0x0000000710100000, 0x0000000710100000| Complete 
| 246|0x0000000710200000, 0x0000000710300000, 0x0000000710300000|100%| E|CS|TAMS 0x0000000710200000, 0x0000000710200000| Complete 
| 247|0x0000000710300000, 0x0000000710400000, 0x0000000710400000|100%| E|CS|TAMS 0x0000000710300000, 0x0000000710300000| Complete 
| 248|0x0000000710400000, 0x0000000710500000, 0x0000000710500000|100%| E|CS|TAMS 0x0000000710400000, 0x0000000710400000| Complete 
| 249|0x0000000710500000, 0x0000000710600000, 0x0000000710600000|100%| E|CS|TAMS 0x0000000710500000, 0x0000000710500000| Complete 
| 250|0x0000000710600000, 0x0000000710700000, 0x0000000710700000|100%| E|CS|TAMS 0x0000000710600000, 0x0000000710600000| Complete 
| 251|0x0000000710700000, 0x0000000710800000, 0x0000000710800000|100%| E|CS|TAMS 0x0000000710700000, 0x0000000710700000| Complete 
| 252|0x0000000710800000, 0x0000000710900000, 0x0000000710900000|100%| E|CS|TAMS 0x0000000710800000, 0x0000000710800000| Complete 
| 253|0x0000000710900000, 0x0000000710a00000, 0x0000000710a00000|100%| E|CS|TAMS 0x0000000710900000, 0x0000000710900000| Complete 
| 254|0x0000000710a00000, 0x0000000710b00000, 0x0000000710b00000|100%| E|CS|TAMS 0x0000000710a00000, 0x0000000710a00000| Complete 
| 255|0x0000000710b00000, 0x0000000710c00000, 0x0000000710c00000|100%| E|CS|TAMS 0x0000000710b00000, 0x0000000710b00000| Complete 

Card table byte_map: [0x000001bd212b0000,0x000001bd21ab0000] _byte_map_base: 0x000001bd1daaa000

Marking Bits (Prev, Next): (CMBitMap*) 0x000001bd08b82850, (CMBitMap*) 0x000001bd08b82818
 Prev Bits: [0x000001bd26280000, 0x000001bd2a250000)
 Next Bits: [0x000001bd222b0000, 0x000001bd26280000)

Polling page: 0x000001bd06ab0000

Metaspace:

Usage:
  Non-class:     26.34 MB capacity,    25.82 MB ( 98%) used,   434.09 KB (  2%) free+waste,   100.25 KB ( <1%) overhead. 
      Class:      3.80 MB capacity,     3.41 MB ( 90%) used,   343.60 KB (  9%) free+waste,    53.75 KB (  1%) overhead. 
       Both:     30.13 MB capacity,    29.22 MB ( 97%) used,   777.70 KB (  3%) free+waste,   154.00 KB ( <1%) overhead. 

Virtual space:
  Non-class space:       28.00 MB reserved,      26.42 MB ( 94%) committed 
      Class space:        1.00 GB reserved,       3.88 MB ( <1%) committed 
             Both:        1.03 GB reserved,      30.30 MB (  3%) committed 

Chunk freelists:
   Non-Class:  23.00 KB
       Class:  16.00 KB
        Both:  39.00 KB

MaxMetaspaceSize: 17179869184.00 GB
CompressedClassSpaceSize: 1.00 GB

CodeHeap 'non-profiled nmethods': size=119168Kb used=2109Kb max_used=2109Kb free=117059Kb
 bounds [0x000001bd18db0000, 0x000001bd19020000, 0x000001bd20210000]
CodeHeap 'profiled nmethods': size=119168Kb used=6580Kb max_used=6580Kb free=112587Kb
 bounds [0x000001bd11950000, 0x000001bd11fc0000, 0x000001bd18db0000]
CodeHeap 'non-nmethods': size=7424Kb used=2967Kb max_used=3044Kb free=4456Kb
 bounds [0x000001bd11210000, 0x000001bd11520000, 0x000001bd11950000]
 total_blobs=3625 nmethods=3091 adapters=449
 compilation: enabled
              stopped_count=0, restarted_count=0
 full_count=0

Compilation events (20 events):
Event: 3.506 Thread 0x000001bd2dea0000 nmethod 3126 0x000001bd11fba810 code [0x000001bd11fba9e0, 0x000001bd11fbac38]
Event: 3.506 Thread 0x000001bd2dd0e000 nmethod 3127 0x000001bd11fbad90 code [0x000001bd11fbaf60, 0x000001bd11fbb288]
Event: 3.506 Thread 0x000001bd2dea2000 nmethod 3128 0x000001bd11fbb490 code [0x000001bd11fbb6a0, 0x000001bd11fbb9e8]
Event: 3.506 Thread 0x000001bd2dea1000 nmethod 3125 0x000001bd11fbbc10 code [0x000001bd11fbbf00, 0x000001bd11fbcbe8]
Event: 3.545 Thread 0x000001bd3023a000 nmethod 2649 0x000001bd18f7f210 code [0x000001bd18f7f920, 0x000001bd18f898c8]
Event: 3.545 Thread 0x000001bd3023a000 3091 %     4       sun.nio.cs.UTF_8$Encoder::encodeArrayLoop @ 73 (489 bytes)
Event: 3.572 Thread 0x000001bd3023a000 nmethod 3091% 0x000001bd18f8f710 code [0x000001bd18f8f940, 0x000001bd18f90ac0]
Event: 3.572 Thread 0x000001bd3023a000 3003       4       java.util.regex.Matcher::end (67 bytes)
Event: 3.574 Thread 0x000001bd3023a000 nmethod 3003 0x000001bd18f91490 code [0x000001bd18f91640, 0x000001bd18f917b8]
Event: 3.574 Thread 0x000001bd3023a000 3011       4       java.util.regex.Pattern$$Lambda$39/0x00000008000b0440::is (9 bytes)
Event: 3.575 Thread 0x000001bd3023a000 nmethod 3011 0x000001bd18f91910 code [0x000001bd18f91aa0, 0x000001bd18f91b18]
Event: 3.575 Thread 0x000001bd3023a000 3013       4       java.util.Locale::hashCode (41 bytes)
Event: 3.575 Thread 0x000001bd3023a000 nmethod 3013 0x000001bd18f91b90 code [0x000001bd18f91d20, 0x000001bd18f91d98]
Event: 3.575 Thread 0x000001bd3023a000 3029       4       java.util.regex.Pattern$$Lambda$41/0x00000008000b7c40::is (9 bytes)
Event: 3.577 Thread 0x000001bd3023a000 nmethod 3029 0x000001bd18f91e10 code [0x000001bd18f91fa0, 0x000001bd18f92118]
Event: 3.577 Thread 0x000001bd3023a000 3031       4       java.util.regex.CharPredicates$$Lambda$362/0x0000000800298440::is (5 bytes)
Event: 3.578 Thread 0x000001bd3023a000 nmethod 3031 0x000001bd18f92290 code [0x000001bd18f92420, 0x000001bd18f924d8]
Event: 3.578 Thread 0x000001bd3023a000 3032       4       java.util.regex.Pattern$GroupTail::match (111 bytes)
Event: 3.751 Thread 0x000001bd30239800 nmethod 2997 0x000001bd18f92590 code [0x000001bd18f92c80, 0x000001bd18fa2e98]
Event: 3.941 Thread 0x000001bd2dd01000 nmethod 3001 0x000001bd18fa9910 code [0x000001bd18faa260, 0x000001bd18fb8dd0]

GC Heap History (10 events):
Event: 0.689 GC heap before
{Heap before GC invocations=0 (full 0):
 garbage-first heap   total 262144K, used 23552K [0x0000000700c00000, 0x0000000800000000)
  region size 1024K, 24 young (24576K), 0 survivors (0K)
 Metaspace       used 13187K, capacity 13551K, committed 13824K, reserved 1060864K
  class space    used 1237K, capacity 1411K, committed 1536K, reserved 1048576K
}
Event: 0.694 GC heap after
{Heap after GC invocations=1 (full 0):
 garbage-first heap   total 262144K, used 5830K [0x0000000700c00000, 0x0000000800000000)
  region size 1024K, 3 young (3072K), 3 survivors (3072K)
 Metaspace       used 13187K, capacity 13551K, committed 13824K, reserved 1060864K
  class space    used 1237K, capacity 1411K, committed 1536K, reserved 1048576K
}
Event: 1.455 GC heap before
{Heap before GC invocations=1 (full 0):
 garbage-first heap   total 262144K, used 43718K [0x0000000700c00000, 0x0000000800000000)
  region size 1024K, 41 young (41984K), 3 survivors (3072K)
 Metaspace       used 20771K, capacity 21228K, committed 21296K, reserved 1069056K
  class space    used 2209K, capacity 2414K, committed 2432K, reserved 1048576K
}
Event: 1.460 GC heap after
{Heap after GC invocations=2 (full 0):
 garbage-first heap   total 262144K, used 7259K [0x0000000700c00000, 0x0000000800000000)
  region size 1024K, 5 young (5120K), 5 survivors (5120K)
 Metaspace       used 20771K, capacity 21228K, committed 21296K, reserved 1069056K
  class space    used 2209K, capacity 2414K, committed 2432K, reserved 1048576K
}
Event: 2.013 GC heap before
{Heap before GC invocations=3 (full 0):
 garbage-first heap   total 262144K, used 25691K [0x0000000700c00000, 0x0000000800000000)
  region size 1024K, 23 young (23552K), 5 survivors (5120K)
 Metaspace       used 23955K, capacity 24630K, committed 24752K, reserved 1071104K
  class space    used 2744K, capacity 3064K, committed 3072K, reserved 1048576K
}
Event: 2.017 GC heap after
{Heap after GC invocations=4 (full 0):
 garbage-first heap   total 262144K, used 8375K [0x0000000700c00000, 0x0000000800000000)
  region size 1024K, 2 young (2048K), 2 survivors (2048K)
 Metaspace       used 23955K, capacity 24630K, committed 24752K, reserved 1071104K
  class space    used 2744K, capacity 3064K, committed 3072K, reserved 1048576K
}
Event: 2.576 GC heap before
{Heap before GC invocations=4 (full 0):
 garbage-first heap   total 262144K, used 69815K [0x0000000700c00000, 0x0000000800000000)
  region size 1024K, 62 young (63488K), 2 survivors (2048K)
 Metaspace       used 25026K, capacity 25729K, committed 25904K, reserved 1073152K
  class space    used 2842K, capacity 3150K, committed 3200K, reserved 1048576K
}
Event: 2.585 GC heap after
{Heap after GC invocations=5 (full 0):
 garbage-first heap   total 262144K, used 19304K [0x0000000700c00000, 0x0000000800000000)
  region size 1024K, 8 young (8192K), 8 survivors (8192K)
 Metaspace       used 25026K, capacity 25729K, committed 25904K, reserved 1073152K
  class space    used 2842K, capacity 3150K, committed 3200K, reserved 1048576K
}
Event: 3.279 GC heap before
{Heap before GC invocations=5 (full 0):
 garbage-first heap   total 262144K, used 110440K [0x0000000700c00000, 0x0000000800000000)
  region size 1024K, 98 young (100352K), 8 survivors (8192K)
 Metaspace       used 29139K, capacity 30037K, committed 30128K, reserved 1075200K
  class space    used 3391K, capacity 3764K, committed 3840K, reserved 1048576K
}
Event: 3.290 GC heap after
{Heap after GC invocations=6 (full 0):
 garbage-first heap   total 262144K, used 28584K [0x0000000700c00000, 0x0000000800000000)
  region size 1024K, 9 young (9216K), 9 survivors (9216K)
 Metaspace       used 29139K, capacity 30037K, committed 30128K, reserved 1075200K
  class space    used 3391K, capacity 3764K, committed 3840K, reserved 1048576K
}

Deoptimization events (20 events):
Event: 2.942 Thread 0x000001bd08b18800 DEOPT PACKING pc=0x000001bd11e9ead4 sp=0x0000001258bfde60
Event: 2.942 Thread 0x000001bd08b18800 DEOPT UNPACKING pc=0x000001bd1124bb5e sp=0x0000001258bfd330 mode 1
Event: 2.995 Thread 0x000001bd08b18800 DEOPT PACKING pc=0x000001bd11cd3a50 sp=0x0000001258bfad90
Event: 2.995 Thread 0x000001bd08b18800 DEOPT UNPACKING pc=0x000001bd1124bb5e sp=0x0000001258bfa218 mode 0
Event: 3.071 Thread 0x000001bd2fd15800 Uncommon trap: trap_request=0xffffff4d fr.pc=0x000001bd18ee83d8 relative=0x00000000000012f8
Event: 3.071 Thread 0x000001bd2fd15800 Uncommon trap: reason=unstable_if action=reinterpret pc=0x000001bd18ee83d8 method=java.lang.String.replace(Ljava/lang/CharSequence;Ljava/lang/CharSequence;)Ljava/lang/String; @ 132 c2
Event: 3.071 Thread 0x000001bd2fd15800 DEOPT PACKING pc=0x000001bd18ee83d8 sp=0x000000125a3fd8c0
Event: 3.071 Thread 0x000001bd2fd15800 DEOPT UNPACKING pc=0x000001bd1124b3af sp=0x000000125a3fd820 mode 2
Event: 3.138 Thread 0x000001bd2fd15800 Uncommon trap: trap_request=0xffffffcc fr.pc=0x000001bd18ecc4cc relative=0x000000000000038c
Event: 3.138 Thread 0x000001bd2fd15800 Uncommon trap: reason=intrinsic_or_type_checked_inlining action=make_not_entrant pc=0x000001bd18ecc4cc method=java.util.Arrays.copyOf([Ljava/lang/Object;ILjava/lang/Class;)[Ljava/lang/Object; @ 35 c2
Event: 3.138 Thread 0x000001bd2fd15800 DEOPT PACKING pc=0x000001bd18ecc4cc sp=0x000000125a3fe5e0
Event: 3.138 Thread 0x000001bd2fd15800 DEOPT UNPACKING pc=0x000001bd1124b3af sp=0x000000125a3fe598 mode 2
Event: 3.166 Thread 0x000001bd2fd15800 Uncommon trap: trap_request=0xffffff4d fr.pc=0x000001bd18efb2f0 relative=0x0000000000000230
Event: 3.166 Thread 0x000001bd2fd15800 Uncommon trap: reason=unstable_if action=reinterpret pc=0x000001bd18efb2f0 method=java.lang.ThreadLocal.get()Ljava/lang/Object; @ 11 c2
Event: 3.166 Thread 0x000001bd2fd15800 DEOPT PACKING pc=0x000001bd18efb2f0 sp=0x000000125a3fc680
Event: 3.166 Thread 0x000001bd2fd15800 DEOPT UNPACKING pc=0x000001bd1124b3af sp=0x000000125a3fc650 mode 2
Event: 3.244 Thread 0x000001bd2fd15800 Uncommon trap: trap_request=0xffffff4d fr.pc=0x000001bd18e7fa84 relative=0x0000000000000344
Event: 3.244 Thread 0x000001bd2fd15800 Uncommon trap: reason=unstable_if action=reinterpret pc=0x000001bd18e7fa84 method=java.lang.String.indexOf([BBILjava/lang/String;I)I @ 21 c2
Event: 3.244 Thread 0x000001bd2fd15800 DEOPT PACKING pc=0x000001bd18e7fa84 sp=0x000000125a3fd140
Event: 3.244 Thread 0x000001bd2fd15800 DEOPT UNPACKING pc=0x000001bd1124b3af sp=0x000000125a3fd0c8 mode 2

Classes redefined (0 events):
No events

Internal exceptions (20 events):
Event: 3.117 Thread 0x000001bd2fd15800 Exception <a 'java/lang/NoSuchMethodError'{0x000000070b3ab5d0}: 'void java.lang.invoke.DirectMethodHandle$Holder.invokeStaticInit(java.lang.Object, long)'> (0x000000070b3ab5d0) thrown at [./src/hotspot/share/interpreter/linkResolver.cpp, line 773]
Event: 3.126 Thread 0x000001bd2fd15800 Exception <a 'java/lang/NoSuchMethodError'{0x000000070b24e6e8}: 'void java.lang.invoke.DirectMethodHandle$Holder.invokeSpecial(java.lang.Object, java.lang.Object, java.lang.Object, java.lang.Object)'> (0x000000070b24e6e8) thrown at [./src/hotspot/share/interpreter/linkResolver.cpp, line 773]
Event: 3.127 Thread 0x000001bd2fd15800 Exception <a 'java/lang/NoSuchMethodError'{0x000000070b25d418}: 'java.lang.Object java.lang.invoke.DirectMethodHandle$Holder.invokeInterface(java.lang.Object, java.lang.Object, java.lang.Object)'> (0x000000070b25d418) thrown at [./src/hotspot/share/interpreter/linkResolver.cpp, line 773]
Event: 3.162 Thread 0x000001bd2fd15800 Exception <a 'java/lang/NoSuchMethodError'{0x000000070af3a418}: 'void java.lang.invoke.DirectMethodHandle$Holder.invokeSpecial(java.lang.Object, java.lang.Object, java.lang.Object, java.lang.Object, java.lang.Object, java.lang.Object)'> (0x000000070af3a418) thrown at [./src/hotspot/share/interpreter/linkResolver.cpp, line 773]
Event: 3.166 Thread 0x000001bd2fd15800 Implicit null exception at 0x000001bd18efb114 to 0x000001bd18efb2d4
Event: 3.168 Thread 0x000001bd2fd15800 Exception <a 'java/lang/NoSuchMethodError'{0x000000070af800c8}: 'int java.lang.invoke.DirectMethodHandle$Holder.invokeInterface(java.lang.Object, java.lang.Object)'> (0x000000070af800c8) thrown at [./src/hotspot/share/interpreter/linkResolver.cpp, line 773]
Event: 3.169 Thread 0x000001bd2fd15800 Exception <a 'java/lang/NoSuchMethodError'{0x000000070af927f8}: 'void java.lang.invoke.DirectMethodHandle$Holder.invokeStaticInit(java.lang.Object)'> (0x000000070af927f8) thrown at [./src/hotspot/share/interpreter/linkResolver.cpp, line 773]
Event: 3.208 Thread 0x000001bd2fd15800 Exception <a 'java/lang/ArrayIndexOutOfBoundsException'{0x000000070ad181b0}: Index 16 out of bounds for length 16> (0x000000070ad181b0) thrown at [./src/hotspot/share/interpreter/interpreterRuntime.cpp, line 444]
Event: 3.210 Thread 0x000001bd2fd15800 Exception <a 'java/lang/NoSuchMethodError'{0x000000070ad29e68}: 'java.lang.Object java.lang.invoke.Invokers$Holder.linkToTargetMethod(java.lang.Object, java.lang.Object, java.lang.Object, java.lang.Object, java.lang.Object, java.lang.Object, java.lang.Object)'> (0x000000070ad29e68) thrown at [./src/hotspot/share/interpreter/linkResolver.cpp, line 773]
Event: 3.213 Thread 0x000001bd2fd15800 Exception <a 'java/lang/NoSuchMethodError'{0x000000070ad4d530}: 'java.lang.Object java.lang.invoke.DirectMethodHandle$Holder.newInvokeSpecial(java.lang.Object, java.lang.Object, java.lang.Object, java.lang.Object)'> (0x000000070ad4d530) thrown at [./src/hotspot/share/interpreter/linkResolver.cpp, line 773]
Event: 3.233 Thread 0x000001bd2fd15800 Exception <a 'java/lang/ArrayIndexOutOfBoundsException'{0x000000070ac31c00}: Index 32 out of bounds for length 32> (0x000000070ac31c00) thrown at [./src/hotspot/share/interpreter/interpreterRuntime.cpp, line 444]
Event: 3.234 Thread 0x000001bd2fd15800 Exception <a 'java/lang/ArrayIndexOutOfBoundsException'{0x000000070ac32b90}: Index 64 out of bounds for length 64> (0x000000070ac32b90) thrown at [./src/hotspot/share/interpreter/interpreterRuntime.cpp, line 444]
Event: 3.246 Thread 0x000001bd2fd15800 Exception <a 'java/lang/IncompatibleClassChangeError'{0x000000070ab262e0}: Found class java.lang.Object, but interface was expected> (0x000000070ab262e0) thrown at [./src/hotspot/share/interpreter/linkResolver.cpp, line 839]
Event: 3.247 Thread 0x000001bd2fd15800 Exception <a 'java/lang/IncompatibleClassChangeError'{0x000000070ab290d8}: Found class java.lang.Object, but interface was expected> (0x000000070ab290d8) thrown at [./src/hotspot/share/interpreter/linkResolver.cpp, line 839]
Event: 3.249 Thread 0x000001bd2fd15800 Exception <a 'java/lang/IncompatibleClassChangeError'{0x000000070ab49130}: Found class java.lang.Object, but interface was expected> (0x000000070ab49130) thrown at [./src/hotspot/share/interpreter/linkResolver.cpp, line 839]
Event: 3.250 Thread 0x000001bd2fd15800 Exception <a 'java/lang/IncompatibleClassChangeError'{0x000000070ab5d538}: Found class java.lang.Object, but interface was expected> (0x000000070ab5d538) thrown at [./src/hotspot/share/interpreter/linkResolver.cpp, line 839]
Event: 3.267 Thread 0x000001bd2fd15800 Exception <a 'java/lang/IncompatibleClassChangeError'{0x000000070aa2a700}: Found class java.lang.Object, but interface was expected> (0x000000070aa2a700) thrown at [./src/hotspot/share/interpreter/linkResolver.cpp, line 839]
Event: 3.268 Thread 0x000001bd2fd15800 Exception <a 'java/lang/IncompatibleClassChangeError'{0x000000070aa461f0}: Found class java.lang.Object, but interface was expected> (0x000000070aa461f0) thrown at [./src/hotspot/share/interpreter/linkResolver.cpp, line 839]
Event: 3.409 Thread 0x000001bd2edfc800 Exception <a 'java/lang/NoSuchMethodError'{0x00000007101211f8}: 'void java.lang.invoke.DirectMethodHandle$Holder.invokeSpecial(java.lang.Object, java.lang.Object)'> (0x00000007101211f8) thrown at [./src/hotspot/share/interpreter/linkResolver.cpp, line 773]
Event: 3.429 Thread 0x000001bd2edfc800 Exception <a 'java/lang/NoSuchMethodError'{0x00000007101ec738}: 'java.lang.Object java.lang.invoke.DirectMethodHandle$Holder.invokeVirtual(java.lang.Object, java.lang.Object, java.lang.Object, java.lang.Object)'> (0x00000007101ec738) thrown at [./src/hotspot/share/interpreter/linkResolver.cpp, line 773]

Events (20 events):
Event: 3.503 Executing VM operation: RevokeBias
Event: 3.504 Executing VM operation: RevokeBias done
Event: 3.504 Executing VM operation: RevokeBias
Event: 3.504 Executing VM operation: RevokeBias done
Event: 3.504 loading class io/netty/channel/Channel
Event: 3.504 loading class io/netty/channel/Channel done
Event: 3.504 loading class reactor/netty/transport/ServerTransport$AcceptorInitializer
Event: 3.504 loading class reactor/netty/transport/ServerTransport$AcceptorInitializer done
Event: 3.504 Executing VM operation: RevokeBias
Event: 3.505 Executing VM operation: RevokeBias done
Event: 3.505 loading class io/netty/channel/Channel
Event: 3.505 loading class io/netty/channel/Channel done
Event: 3.505 loading class io/netty/channel/Channel
Event: 3.505 loading class io/netty/channel/Channel done
Event: 3.506 loading class reactor/netty/transport/TransportConnector$MonoChannelPromise$1
Event: 3.506 loading class reactor/netty/transport/TransportConnector$MonoChannelPromise$1 done
Event: 3.507 loading class io/netty/channel/AbstractChannel$AbstractUnsafe$2
Event: 3.507 loading class io/netty/channel/AbstractChannel$AbstractUnsafe$2 done
Event: 3.509 loading class io/netty/util/internal/SocketUtils$7
Event: 3.509 loading class io/netty/util/internal/SocketUtils$7 done


Dynamic libraries:
0x00007ff749850000 - 0x00007ff74985d000 	C:\Users\Kai\.jdks\adopt-openjdk-11.0.11\bin\java.exe
0x00007fff0b6d0000 - 0x00007fff0b8c8000 	C:\WINDOWS\SYSTEM32\ntdll.dll
0x00007fff0a910000 - 0x00007fff0a9cd000 	C:\WINDOWS\System32\KERNEL32.DLL
0x00007fff08f90000 - 0x00007fff09286000 	C:\WINDOWS\System32\KERNELBASE.dll
0x00007fff093b0000 - 0x00007fff094b0000 	C:\WINDOWS\System32\ucrtbase.dll
0x00007ffef1380000 - 0x00007ffef1397000 	C:\Users\Kai\.jdks\adopt-openjdk-11.0.11\bin\jli.dll
0x00007ffef1240000 - 0x00007ffef1255000 	C:\Users\Kai\.jdks\adopt-openjdk-11.0.11\bin\VCRUNTIME140.dll
0x00007fff0abc0000 - 0x00007fff0ad5e000 	C:\WINDOWS\System32\USER32.dll
0x00007ffef3b30000 - 0x00007ffef3dca000 	C:\WINDOWS\WinSxS\amd64_microsoft.windows.common-controls_6595b64144ccf1df_6.0.19041.3636_none_60b6a03d71f818d5\COMCTL32.dll
0x00007fff095d0000 - 0x00007fff095f2000 	C:\WINDOWS\System32\win32u.dll
0x00007fff09cf0000 - 0x00007fff09d8e000 	C:\WINDOWS\System32\msvcrt.dll
0x00007fff0ab10000 - 0x00007fff0ab3b000 	C:\WINDOWS\System32\GDI32.dll
0x00007fff09290000 - 0x00007fff093a7000 	C:\WINDOWS\System32\gdi32full.dll
0x00007fff08d90000 - 0x00007fff08e2d000 	C:\WINDOWS\System32\msvcp_win.dll
0x00007fff0adc0000 - 0x00007fff0adf2000 	C:\WINDOWS\System32\IMM32.DLL
0x00007ffed30d0000 - 0x00007ffed316b000 	C:\Users\Kai\.jdks\adopt-openjdk-11.0.11\bin\msvcp140.dll
0x00007ffe68e00000 - 0x00007ffe6994b000 	C:\Users\Kai\.jdks\adopt-openjdk-11.0.11\bin\server\jvm.dll
0x00007fff0aa50000 - 0x00007fff0ab03000 	C:\WINDOWS\System32\ADVAPI32.dll
0x00007fff09b80000 - 0x00007fff09c1f000 	C:\WINDOWS\System32\sechost.dll
0x00007fff09a50000 - 0x00007fff09b76000 	C:\WINDOWS\System32\RPCRT4.dll
0x00007fff09600000 - 0x00007fff09627000 	C:\WINDOWS\System32\bcrypt.dll
0x00007fff0b550000 - 0x00007fff0b558000 	C:\WINDOWS\System32\PSAPI.DLL
0x00007ffefad30000 - 0x00007ffefad57000 	C:\WINDOWS\SYSTEM32\WINMM.dll
0x00007ffefb4c0000 - 0x00007ffefb4c9000 	C:\WINDOWS\SYSTEM32\WSOCK32.dll
0x00007fff01d80000 - 0x00007fff01d8a000 	C:\WINDOWS\SYSTEM32\VERSION.dll
0x00007fff0a9d0000 - 0x00007fff0aa3b000 	C:\WINDOWS\System32\WS2_32.dll
0x00007fff06c00000 - 0x00007fff06c12000 	C:\WINDOWS\SYSTEM32\kernel.appcore.dll
0x00007ffef5f70000 - 0x00007ffef5f80000 	C:\Users\Kai\.jdks\adopt-openjdk-11.0.11\bin\verify.dll
0x00007fff010e0000 - 0x00007fff012c4000 	C:\WINDOWS\SYSTEM32\DBGHELP.DLL
0x00007fff00ba0000 - 0x00007fff00bd4000 	C:\WINDOWS\SYSTEM32\dbgcore.DLL
0x00007fff09680000 - 0x00007fff09702000 	C:\WINDOWS\System32\bcryptPrimitives.dll
0x00007ffed3d00000 - 0x00007ffed3d28000 	C:\Users\Kai\.jdks\adopt-openjdk-11.0.11\bin\java.dll
0x00007ffee86d0000 - 0x00007ffee86da000 	C:\Users\Kai\.jdks\adopt-openjdk-11.0.11\bin\jimage.dll
0x00007ffefbf60000 - 0x00007ffefbf98000 	C:\Users\Kai\.jdks\adopt-openjdk-11.0.11\bin\jdwp.dll
0x00007ffedd360000 - 0x00007ffedd377000 	C:\Users\Kai\.jdks\adopt-openjdk-11.0.11\bin\zip.dll
0x00007fff0ae00000 - 0x00007fff0b545000 	C:\WINDOWS\System32\SHELL32.dll
0x00007fff06e00000 - 0x00007fff0759c000 	C:\WINDOWS\SYSTEM32\windows.storage.dll
0x00007fff09d90000 - 0x00007fff0a0e4000 	C:\WINDOWS\System32\combase.dll
0x00007fff086e0000 - 0x00007fff0870e000 	C:\WINDOWS\SYSTEM32\Wldp.dll
0x00007fff09c20000 - 0x00007fff09ced000 	C:\WINDOWS\System32\OLEAUT32.dll
0x00007fff0a170000 - 0x00007fff0a21d000 	C:\WINDOWS\System32\SHCORE.dll
0x00007fff0ab60000 - 0x00007fff0abb5000 	C:\WINDOWS\System32\shlwapi.dll
0x00007fff08cc0000 - 0x00007fff08ce5000 	C:\WINDOWS\SYSTEM32\profapi.dll
0x00007ffef13d0000 - 0x00007ffef13da000 	C:\Users\Kai\.jdks\adopt-openjdk-11.0.11\bin\dt_socket.dll
0x00007fff08450000 - 0x00007fff084ba000 	C:\WINDOWS\system32\mswsock.dll
0x00007ffedc620000 - 0x00007ffedc639000 	C:\Users\Kai\.jdks\adopt-openjdk-11.0.11\bin\net.dll
0x00007fff03370000 - 0x00007fff0347a000 	C:\WINDOWS\SYSTEM32\WINHTTP.dll
0x00007ffed9530000 - 0x00007ffed9542000 	C:\Users\Kai\.jdks\adopt-openjdk-11.0.11\bin\nio.dll
0x00007ffee8620000 - 0x00007ffee8629000 	C:\Users\Kai\.jdks\adopt-openjdk-11.0.11\bin\management.dll
0x00007ffee0a70000 - 0x00007ffee0a7b000 	C:\Users\Kai\.jdks\adopt-openjdk-11.0.11\bin\management_ext.dll
0x00007fff08a30000 - 0x00007fff08a48000 	C:\WINDOWS\SYSTEM32\CRYPTSP.dll
0x00007fff07d40000 - 0x00007fff07d74000 	C:\WINDOWS\system32\rsaenh.dll
0x00007fff08c40000 - 0x00007fff08c6e000 	C:\WINDOWS\SYSTEM32\USERENV.dll
0x00007fff08650000 - 0x00007fff0865c000 	C:\WINDOWS\SYSTEM32\CRYPTBASE.dll
0x00007fff08160000 - 0x00007fff0819b000 	C:\WINDOWS\SYSTEM32\IPHLPAPI.DLL
0x00007fff099e0000 - 0x00007fff099e8000 	C:\WINDOWS\System32\NSI.dll
0x00007fff04310000 - 0x00007fff04327000 	C:\WINDOWS\SYSTEM32\dhcpcsvc6.DLL
0x00007fff042f0000 - 0x00007fff0430d000 	C:\WINDOWS\SYSTEM32\dhcpcsvc.DLL
0x00007fff081a0000 - 0x00007fff0826b000 	C:\WINDOWS\SYSTEM32\DNSAPI.dll
0x00007ffee10d0000 - 0x00007ffee10e7000 	C:\WINDOWS\system32\napinsp.dll
0x00007ffee10b0000 - 0x00007ffee10cb000 	C:\WINDOWS\system32\pnrpnsp.dll
0x00007fff01da0000 - 0x00007fff01db5000 	C:\WINDOWS\system32\wshbth.dll
0x00007fff045d0000 - 0x00007fff045ed000 	C:\WINDOWS\system32\NLAapi.dll
0x00007ffee1090000 - 0x00007ffee10a2000 	C:\WINDOWS\System32\winrnr.dll
0x00007fff01b90000 - 0x00007fff01b9a000 	C:\Windows\System32\rasadhlp.dll
0x00007fff02e60000 - 0x00007fff02ee0000 	C:\WINDOWS\System32\fwpuclnt.dll

dbghelp: loaded successfully - version: 4.0.5 - missing functions: none
symbol engine: initialized successfully - sym options: 0x614 - pdb path: (cannot be retrieved)

VM Arguments:
jvm_args: -agentlib:jdwp=transport=dt_socket,server=n,suspend=y,address=127.0.0.1:65019 -Dfile.encoding=UTF-8 -Duser.country=CN -Duser.language=zh -Duser.variant 
java_command: io.graphoenix.showcase.user.UserApplication
java_class_path (initial): D:\Work\graphoenix-ce\graphoenix-showcase-user-app\build\classes\java\main;D:\Work\graphoenix-ce\graphoenix-showcase-user-app\build\resources\main;D:\Work\graphoenix-ce\graphoenix-showcase-user\build\libs\graphoenix-showcase-user-0.0.1-SNAPSHOT.jar;D:\Work\graphoenix-ce\graphoenix-r2dbc\build\libs\graphoenix-r2dbc-0.0.1-SNAPSHOT.jar;D:\Work\graphoenix-ce\graphoenix-http-server\build\libs\graphoenix-http-server-0.0.1-SNAPSHOT.jar;D:\Work\graphoenix-ce\graphoenix-sql\build\libs\graphoenix-sql-0.0.1-SNAPSHOT.jar;D:\Work\graphoenix-ce\graphoenix-core\build\libs\graphoenix-core-0.0.1-SNAPSHOT.jar;C:\Users\Kai\.m2\repository\io\nozdormu\nozdormu-interceptor\0.0.1-SNAPSHOT\nozdormu-interceptor-0.0.1-SNAPSHOT.jar;C:\Users\Kai\.m2\repository\io\nozdormu\nozdormu-config\0.0.1-SNAPSHOT\nozdormu-config-0.0.1-SNAPSHOT.jar;D:\Work\graphoenix-ce\graphoenix-json\build\libs\graphoenix-json-0.0.1-SNAPSHOT.jar;C:\Users\Kai\.m2\repository\io\nozdormu\nozdormu-inject\0.0.1-SNAPSHOT\nozdormu-inject-0.0.1-SNAPSHOT.jar;C:\Users\Kai\.gradle\caches\modules-2\files-2.1\org.mariadb\r2dbc-mariadb\1.1.4\d94ceed2653a379cae18b3bf0ea1ec9167d49f4e\r2dbc-mariadb-1.1.4.jar;C:\Users\Kai\.gradle\caches\modules-2\files-2.1\io.projectreactor.netty\reactor-netty\1.1.1\b6d94a1cfc4fee983e9d0cb2ddb85701b851f8cf\reactor-netty-1.1.1.jar;C:\Users\Kai\.gradle\caches\modules-2\files-2.1\io.projectreactor.netty\reactor-netty-http\1.1.13\c5af7bc746050d080891a5446cca2c96a0c51d03\reactor-netty-http-1.1.13.jar;C:\Users\Kai\.gradle\caches\modules-2\files-2.1\io.projectreactor.netty.incubator\reactor-netty-incubator-quic\0.1.1\3706a73e98c89ab9545602de40592e110776842d\reactor-netty-incubator-quic-0.1.1.jar;C:\Users\Kai\.gradle\caches\modules-2\files-2.1\io.projectreactor.netty\reactor-netty-core\1.1.13\faea23e582978a34f6a932b81e86206ec2314990\reactor-netty-core-1.1.13.jar;C:\Users\Kai\.gradle\caches\modules-2\files-2.1\io.netty\netty-resolver-dns-native-macos\4.1.101.Final\f395cd46680f406d61f6
Launcher Type: SUN_STANDARD

[Global flags]
     intx CICompilerCount                          = 12                                        {product} {ergonomic}
     uint ConcGCThreads                            = 3                                         {product} {ergonomic}
     uint G1ConcRefinementThreads                  = 13                                        {product} {ergonomic}
   size_t G1HeapRegionSize                         = 1048576                                   {product} {ergonomic}
    uintx GCDrainStackTargetSize                   = 64                                        {product} {ergonomic}
   size_t InitialHeapSize                          = 268435456                                 {product} {ergonomic}
   size_t MarkStackSize                            = 4194304                                   {product} {ergonomic}
   size_t MaxHeapSize                              = 4282384384                                {product} {ergonomic}
   size_t MaxNewSize                               = 2569011200                                {product} {ergonomic}
   size_t MinHeapDeltaBytes                        = 1048576                                   {product} {ergonomic}
    uintx NonNMethodCodeHeapSize                   = 7594288                                {pd product} {ergonomic}
    uintx NonProfiledCodeHeapSize                  = 122031976                              {pd product} {ergonomic}
    uintx ProfiledCodeHeapSize                     = 122031976                              {pd product} {ergonomic}
    uintx ReservedCodeCacheSize                    = 251658240                              {pd product} {ergonomic}
     bool SegmentedCodeCache                       = true                                      {product} {ergonomic}
     bool UseCompressedClassPointers               = true                                 {lp64_product} {ergonomic}
     bool UseCompressedOops                        = true                                 {lp64_product} {ergonomic}
     bool UseG1GC                                  = true                                      {product} {ergonomic}
     bool UseLargePagesIndividualAllocation        = false                                  {pd product} {ergonomic}

Logging:
Log output configuration:
 #0: stdout all=warning uptime,level,tags
 #1: stderr all=off uptime,level,tags

Environment Variables:
JAVA_HOME=C:\jdk-11.0.15
CLASSPATH=.;
PATH=C:\Python27\;C:\Python27\Scripts;C:\jdk-11.0.15\bin;C:\Program Files (x86)\Common Files\Oracle\Java\javapath;C:\Windows\system32;C:\Windows;C:\Windows\System32\Wbem;C:\Windows\System32\WindowsPowerShell\v1.0\;C:\Program Files (x86)\NVIDIA Corporation\PhysX\Common;C:\WINDOWS\system32;C:\WINDOWS;C:\WINDOWS\System32\Wbem;C:\WINDOWS\System32\WindowsPowerShell\v1.0\;C:\WINDOWS\System32\OpenSSH\;C:\Program Files\dotnet\;C:\Program Files\Microsoft SQL Server\130\Tools\Binn\;C:\ProgramData\chocolatey\bin;C:\Program Files\Git\cmd;c:\java8\bin;C:\Program Files\NVIDIA Corporation\NVIDIA NvDLISR;C:\WINDOWS\system32;C:\WINDOWS;C:\WINDOWS\System32\Wbem;C:\WINDOWS\System32\WindowsPowerShell\v1.0\;C:\WINDOWS\System32\OpenSSH\;C:\Program Files\Intel\WiFi\bin\;C:\Program Files\Common Files\Intel\WirelessCommon\;C:\HashiCorp\Vagrant\bin;C:\Program Files (x86)\Yarn\bin\;C:\Users\Kai\AppData\Roaming\nvm;C:\Program Files\nodejs;C:\Program Files\TortoiseGit\bin;C:\Program Files\Docker\Docker\resources\bin;C:\Users\Kai\AppData\Local\pnpm;C:\Users\Kai\AppData\Local\Microsoft\WindowsApps;D:\Program Files\Microsoft VS Code\bin;C:\Program Files\Oracle\VirtualBox;C:\Users\Kai\AppData\Local\Microsoft\WindowsApps;C:\Users\Kai\.dotnet\tools;C:\Program Files\Intel\WiFi\bin\;C:\Program Files\Common Files\Intel\WirelessCommon\;C:\Users\Kai\.deno\bin;C:\Users\Kai\AppData\Local\GitHubDesktop\bin;C:\Users\Kai\AppData\Roaming\npm;C:\Users\Kai\AppData\Local\Yarn\bin;C:\Users\Kai\AppData\Roaming\nvm;C:\Program Files\nodejs
USERNAME=Kai
OS=Windows_NT
PROCESSOR_IDENTIFIER=AMD64 Family 23 Model 1 Stepping 1, AuthenticAMD



---------------  S Y S T E M  ---------------

OS: Windows 10 , 64 bit Build 19041 (10.0.19041.3636)
OS uptime: 4 days 0:31 hours
Hyper-V role detected

CPU:total 16 (initial active 16) (16 cores per cpu, 2 threads per core) family 23 model 1 stepping 1 microcode 0x0, cmov, cx8, fxsr, mmx, sse, sse2, sse3, ssse3, sse4.1, sse4.2, popcnt, avx, avx2, aes, clmul, mmxext, 3dnowpref, lzcnt, sse4a, ht, tsc, tscinvbit, tscinv, bmi1, bmi2, adx, s

Memory: 4k page, system-wide physical 16334M (1000M free)
TotalPageFile size 30836M (AvailPageFile size 0M)
current process WorkingSet (physical memory assigned to process): 716M, peak: 716M
current process commit charge ("private bytes"): 906M, peak: 906M

vm_info: OpenJDK 64-Bit Server VM (11.0.11+9) for windows-amd64 JRE (11.0.11+9), built on Apr 20 2021 21:22:09 by "" with MS VC++ 15.9 (VS2017)

END.
